#-----------------------------------------------------------
# Webtalk v2017.4 (64-bit)
# SW Build 2086221 on Fri Dec 15 20:54:30 MST 2017
# 
# Start of session at: Sat Feb  3 16:49:57 2018
# Process ID: 32239
# Current directory: /home/chris/Repos/EmbeddedSystems/Lab2/zynq_interrupts/zynq_interrupts.sdk/webtalk
# Command line: wbtcv -mode batch -source sdk_webtalk.tcl
# Log file: /home/chris/Repos/EmbeddedSystems/Lab2/zynq_interrupts/zynq_interrupts.sdk/webtalk/webtalk.log
# Journal file: /home/chris/Repos/EmbeddedSystems/Lab2/zynq_interrupts/zynq_interrupts.sdk/webtalk/webtalk.jou
#-----------------------------------------------------------
source sdk_webtalk.tcl
# webtalk_init -webtalk_dir /home/chris/Repos/EmbeddedSystems/Lab2/zynq_interrupts/zynq_interrupts.sdk/webtalk
# webtalk_register_client -client project
# webtalk_add_data -client project -key date_generated -value "2018-02-03 16:49:55" -context "software_version_and_target_device"
# webtalk_add_data -client project -key product_version -value "SDK v2017.4" -context "software_version_and_target_device"
# webtalk_add_data -client project -key build_version -value "2017.4" -context "software_version_and_target_device"
# webtalk_add_data -client project -key os_platform -value "amd64" -context "software_version_and_target_device"
# webtalk_add_data -client project -key registration_id -value "" -context "software_version_and_target_device"
# webtalk_add_data -client project -key tool_flow -value "SDK" -context "software_version_and_target_device"
# webtalk_add_data -client project -key beta -value "false" -context "software_version_and_target_device"
# webtalk_add_data -client project -key route_design -value "NA" -context "software_version_and_target_device"
# webtalk_add_data -client project -key target_family -value "NA" -context "software_version_and_target_device"
# webtalk_add_data -client project -key target_device -value "NA" -context "software_version_and_target_device"
# webtalk_add_data -client project -key target_package -value "NA" -context "software_version_and_target_device"
# webtalk_add_data -client project -key target_speed -value "NA" -context "software_version_and_target_device"
# webtalk_add_data -client project -key random_id -value "534o9k4avc1fv2o3v3r4thes8u" -context "software_version_and_target_device"
# webtalk_add_data -client project -key project_id -value "2017.4_7" -context "software_version_and_target_device"
# webtalk_add_data -client project -key project_iteration -value "7" -context "software_version_and_target_device"
# webtalk_add_data -client project -key os_name -value "Debian" -context "user_environment"
# webtalk_add_data -client project -key os_release -value "Debian GNU/Linux 9.3 (stretch)" -context "user_environment"
# webtalk_add_data -client project -key cpu_name -value "Intel(R) Core(TM) i5-7200U CPU @ 2.50GHz" -context "user_environment"
# webtalk_add_data -client project -key cpu_speed -value "2596.343 MHz" -context "user_environment"
# webtalk_add_data -client project -key total_processors -value "1" -context "user_environment"
# webtalk_add_data -client project -key system_ram -value "8.237 GB" -context "user_environment"
# webtalk_register_client -client sdk
# webtalk_add_data -client sdk -key uid -value "1517618737000" -context "sdk\\\\hardware/1517618737000"
# webtalk_add_data -client sdk -key isZynq -value "true" -context "sdk\\\\hardware/1517618737000"
# webtalk_add_data -client sdk -key isZynqMP -value "false" -context "sdk\\\\hardware/1517618737000"
# webtalk_add_data -client sdk -key Processors -value "2" -context "sdk\\\\hardware/1517618737000"
# webtalk_add_data -client sdk -key VivadoVersion -value "2017.4" -context "sdk\\\\hardware/1517618737000"
# webtalk_add_data -client sdk -key Arch -value "zynq" -context "sdk\\\\hardware/1517618737000"
# webtalk_add_data -client sdk -key Device -value "7z010" -context "sdk\\\\hardware/1517618737000"
# webtalk_add_data -client sdk -key IsHandoff -value "true" -context "sdk\\\\hardware/1517618737000"
# webtalk_add_data -client sdk -key os -value "NA" -context "sdk\\\\hardware/1517618737000"
# webtalk_add_data -client sdk -key apptemplate -value "NA" -context "sdk\\\\hardware/1517618737000"
# webtalk_add_data -client sdk -key RecordType -value "HWCreation" -context "sdk\\\\hardware/1517618737000"
# webtalk_add_data -client sdk -key uid -value "1517618859000" -context "sdk\\\\bsp/1517618859000"
# webtalk_add_data -client sdk -key hwid -value "1517618737000" -context "sdk\\\\bsp/1517618859000"
# webtalk_add_data -client sdk -key os -value "standalone" -context "sdk\\\\bsp/1517618859000"
# webtalk_add_data -client sdk -key apptemplate -value "empty_application" -context "sdk\\\\bsp/1517618859000"
# webtalk_add_data -client sdk -key RecordType -value "BSPCreation" -context "sdk\\\\bsp/1517618859000"
# webtalk_add_data -client sdk -key uid -value "1517618860000" -context "sdk\\\\application/1517618860000"
# webtalk_add_data -client sdk -key hwid -value "1517618737000" -context "sdk\\\\application/1517618860000"
# webtalk_add_data -client sdk -key bspid -value "1517618859000" -context "sdk\\\\application/1517618860000"
# webtalk_add_data -client sdk -key newbsp -value "true" -context "sdk\\\\application/1517618860000"
# webtalk_add_data -client sdk -key os -value "standalone" -context "sdk\\\\application/1517618860000"
# webtalk_add_data -client sdk -key apptemplate -value "empty_application" -context "sdk\\\\application/1517618860000"
# webtalk_add_data -client sdk -key RecordType -value "APPCreation" -context "sdk\\\\application/1517618860000"
# webtalk_add_data -client sdk -key LangUsed -value "C" -context "sdk\\\\application/1517618860000"
# webtalk_add_data -client sdk -key Procused -value "ps7_cortexa9" -context "sdk\\\\application/1517618860000"
# webtalk_add_data -client sdk -key projSize -value "191.06640625" -context "sdk\\\\application/1517618860000"
# webtalk_add_data -client sdk -key uid -value "NA" -context "sdk\\\\bsp/1517694595698"
# webtalk_add_data -client sdk -key RecordType -value "ToolUsage" -context "sdk\\\\bsp/1517694595698"
# webtalk_add_data -client sdk -key BootgenCount -value "0" -context "sdk\\\\bsp/1517694595698"
# webtalk_add_data -client sdk -key DebugCount -value "0" -context "sdk\\\\bsp/1517694595698"
# webtalk_add_data -client sdk -key PerfCount -value "0" -context "sdk\\\\bsp/1517694595698"
# webtalk_add_data -client sdk -key FlashCount -value "0" -context "sdk\\\\bsp/1517694595698"
# webtalk_add_data -client sdk -key CrossTriggCount -value "0" -context "sdk\\\\bsp/1517694595698"
# webtalk_add_data -client sdk -key QemuDebugCount -value "0" -context "sdk\\\\bsp/1517694595698"
# webtalk_transmit -clientid 1055148910 -regid "" -xml /home/chris/Repos/EmbeddedSystems/Lab2/zynq_interrupts/zynq_interrupts.sdk/webtalk/usage_statistics_ext_sdk.xml -html /home/chris/Repos/EmbeddedSystems/Lab2/zynq_interrupts/zynq_interrupts.sdk/webtalk/usage_statistics_ext_sdk.html -wdm /home/chris/Repos/EmbeddedSystems/Lab2/zynq_interrupts/zynq_interrupts.sdk/webtalk/sdk_webtalk.wdm -intro "<H3>SDK Usage Report</H3><BR>"
# webtalk_terminate
INFO: [Common 17-206] Exiting Webtalk at Sat Feb  3 16:49:57 2018...
