Copyright 1986-2017 Xilinx, Inc. All Rights Reserved.
----------------------------------------------------------------------------------------------------
| Tool Version : Vivado v.2017.4 (lin64) Build 2086221 Fri Dec 15 20:54:30 MST 2017
| Date         : Tue Jan 23 18:32:50 2018
| Host         : machine running 64-bit Debian GNU/Linux 9.3 (stretch)
| Command      : report_control_sets -verbose -file zynq_LED_system_wrapper_control_sets_placed.rpt
| Design       : zynq_LED_system_wrapper
| Device       : xc7z010
----------------------------------------------------------------------------------------------------

Control Set Information

Table of Contents
-----------------
1. Summary
2. Flip-Flop Distribution
3. Detailed Control Set Information

1. Summary
----------

+----------------------------------------------------------+-------+
|                          Status                          | Count |
+----------------------------------------------------------+-------+
| Number of unique control sets                            |    45 |
| Unused register locations in slices containing registers |   116 |
+----------------------------------------------------------+-------+


2. Flip-Flop Distribution
-------------------------

+--------------+-----------------------+------------------------+-----------------+--------------+
| Clock Enable | Synchronous Set/Reset | Asynchronous Set/Reset | Total Registers | Total Slices |
+--------------+-----------------------+------------------------+-----------------+--------------+
| No           | No                    | No                     |             155 |           52 |
| No           | No                    | Yes                    |               0 |            0 |
| No           | Yes                   | No                     |             131 |           44 |
| Yes          | No                    | No                     |             471 |          121 |
| Yes          | No                    | Yes                    |               0 |            0 |
| Yes          | Yes                   | No                     |              79 |           25 |
+--------------+-----------------------+------------------------+-----------------+--------------+


3. Detailed Control Set Information
-----------------------------------

+--------------------------------------------------------+-----------------------------------------------------------------------------------------------------------------------------------------------------------------------+-------------------------------------------------------------------------------------------------------------------------------------------------+------------------+----------------+
|                      Clock Signal                      |                                                                             Enable Signal                                                                             |                                                                 Set/Reset Signal                                                                | Slice Load Count | Bel Load Count |
+--------------------------------------------------------+-----------------------------------------------------------------------------------------------------------------------------------------------------------------------+-------------------------------------------------------------------------------------------------------------------------------------------------+------------------+----------------+
|  zynq_LED_system_i/processing_system7_0/inst/FCLK_CLK0 | zynq_LED_system_i/ps7_0_axi_periph/s00_couplers/auto_pc/inst/gen_axilite.gen_b2s_conv.axilite_b2s/WR.b_channel_0/bid_fifo_0/bresp_push                                |                                                                                                                                                 |                1 |              2 |
|  zynq_LED_system_i/processing_system7_0/inst/FCLK_CLK0 |                                                                                                                                                                       | zynq_LED_system_i/ps7_0_axi_periph/s00_couplers/auto_pc/inst/gen_axilite.gen_b2s_conv.axilite_b2s/SI_REG/aw.aw_pipe/s_ready_i_reg_0             |                3 |              4 |
|  zynq_LED_system_i/processing_system7_0/inst/FCLK_CLK0 | zynq_LED_system_i/axi_gpio_0/U0/AXI_LITE_IPIF_I/I_SLAVE_ATTACHMENT/bus2ip_addr_i[8]_i_1_n_0                                                                           | zynq_LED_system_i/axi_gpio_0/U0/AXI_LITE_IPIF_I/I_SLAVE_ATTACHMENT/SR                                                                           |                2 |              4 |
|  zynq_LED_system_i/processing_system7_0/inst/FCLK_CLK0 | zynq_LED_system_i/axi_gpio_0/U0/AXI_LITE_IPIF_I/I_SLAVE_ATTACHMENT/I_DECODER/Not_Dual.gpio_OE_reg[0][0]                                                               | zynq_LED_system_i/axi_gpio_0/U0/AXI_LITE_IPIF_I/I_SLAVE_ATTACHMENT/SR                                                                           |                2 |              4 |
|  zynq_LED_system_i/processing_system7_0/inst/FCLK_CLK0 | zynq_LED_system_i/axi_gpio_0/U0/AXI_LITE_IPIF_I/I_SLAVE_ATTACHMENT/start2                                                                                             | zynq_LED_system_i/axi_gpio_0/U0/AXI_LITE_IPIF_I/I_SLAVE_ATTACHMENT/I_DECODER/cs_ce_clr                                                          |                1 |              4 |
|  zynq_LED_system_i/processing_system7_0/inst/FCLK_CLK0 | zynq_LED_system_i/ps7_0_axi_periph/s00_couplers/auto_pc/inst/gen_axilite.gen_b2s_conv.axilite_b2s/RD.ar_channel_0/ar_cmd_fsm_0/axlen_cnt_reg[4][0]                    | zynq_LED_system_i/ps7_0_axi_periph/s00_couplers/auto_pc/inst/gen_axilite.gen_b2s_conv.axilite_b2s/RD.ar_channel_0/ar_cmd_fsm_0/axlen_cnt_reg[7] |                1 |              4 |
|  zynq_LED_system_i/processing_system7_0/inst/FCLK_CLK0 | zynq_LED_system_i/axi_gpio_1/U0/AXI_LITE_IPIF_I/I_SLAVE_ATTACHMENT/start2                                                                                             | zynq_LED_system_i/axi_gpio_1/U0/AXI_LITE_IPIF_I/I_SLAVE_ATTACHMENT/I_DECODER/cs_ce_clr                                                          |                1 |              4 |
|  zynq_LED_system_i/processing_system7_0/inst/FCLK_CLK0 | zynq_LED_system_i/axi_gpio_1/U0/AXI_LITE_IPIF_I/I_SLAVE_ATTACHMENT/bus2ip_addr_i[8]_i_1_n_0                                                                           | zynq_LED_system_i/axi_gpio_1/U0/AXI_LITE_IPIF_I/I_SLAVE_ATTACHMENT/SR                                                                           |                2 |              4 |
|  zynq_LED_system_i/processing_system7_0/inst/FCLK_CLK0 |                                                                                                                                                                       | zynq_LED_system_i/ps7_0_axi_periph/s00_couplers/auto_pc/inst/gen_axilite.gen_b2s_conv.axilite_b2s/SI_REG/ar.ar_pipe/m_valid_i_reg_0             |                3 |              4 |
|  zynq_LED_system_i/processing_system7_0/inst/FCLK_CLK0 |                                                                                                                                                                       | zynq_LED_system_i/axi_gpio_1/U0/AXI_LITE_IPIF_I/I_SLAVE_ATTACHMENT/I_DECODER/Not_Dual.ALLOUT_ND.READ_REG_GEN[0].reg1_reg[28]                    |                1 |              4 |
|  zynq_LED_system_i/processing_system7_0/inst/FCLK_CLK0 |                                                                                                                                                                       | zynq_LED_system_i/axi_gpio_1/U0/AXI_LITE_IPIF_I/I_SLAVE_ATTACHMENT/clear                                                                        |                1 |              4 |
|  zynq_LED_system_i/processing_system7_0/inst/FCLK_CLK0 |                                                                                                                                                                       | zynq_LED_system_i/axi_gpio_0/U0/AXI_LITE_IPIF_I/I_SLAVE_ATTACHMENT/I_DECODER/Not_Dual.ALLIN1_ND.READ_REG_GEN[0].reg1_reg[28]                    |                2 |              4 |
|  zynq_LED_system_i/processing_system7_0/inst/FCLK_CLK0 |                                                                                                                                                                       | zynq_LED_system_i/axi_gpio_0/U0/AXI_LITE_IPIF_I/I_SLAVE_ATTACHMENT/clear                                                                        |                1 |              4 |
|  zynq_LED_system_i/processing_system7_0/inst/FCLK_CLK0 | zynq_LED_system_i/ps7_0_axi_periph/s00_couplers/auto_pc/inst/gen_axilite.gen_b2s_conv.axilite_b2s/WR.aw_channel_0/aw_cmd_fsm_0/E[0]                                   | zynq_LED_system_i/ps7_0_axi_periph/s00_couplers/auto_pc/inst/gen_axilite.gen_b2s_conv.axilite_b2s/WR.aw_channel_0/aw_cmd_fsm_0/axlen_cnt_reg[7] |                2 |              4 |
|  zynq_LED_system_i/processing_system7_0/inst/FCLK_CLK0 | zynq_LED_system_i/axi_gpio_1/U0/AXI_LITE_IPIF_I/I_SLAVE_ATTACHMENT/s_axi_rdata_i[31]_i_1_n_0                                                                          | zynq_LED_system_i/axi_gpio_1/U0/AXI_LITE_IPIF_I/I_SLAVE_ATTACHMENT/SR                                                                           |                1 |              5 |
|  zynq_LED_system_i/processing_system7_0/inst/FCLK_CLK0 |                                                                                                                                                                       | zynq_LED_system_i/rst_ps7_0_100M/U0/EXT_LPF/lpf_int                                                                                             |                3 |              5 |
|  zynq_LED_system_i/processing_system7_0/inst/FCLK_CLK0 | zynq_LED_system_i/axi_gpio_0/U0/AXI_LITE_IPIF_I/I_SLAVE_ATTACHMENT/s_axi_rdata_i[31]_i_1_n_0                                                                          | zynq_LED_system_i/axi_gpio_0/U0/AXI_LITE_IPIF_I/I_SLAVE_ATTACHMENT/SR                                                                           |                2 |              5 |
|  zynq_LED_system_i/processing_system7_0/inst/FCLK_CLK0 | zynq_LED_system_i/rst_ps7_0_100M/U0/SEQ/seq_cnt_en                                                                                                                    | zynq_LED_system_i/rst_ps7_0_100M/U0/SEQ/SEQ_COUNTER/clear                                                                                       |                1 |              6 |
|  zynq_LED_system_i/processing_system7_0/inst/FCLK_CLK0 | zynq_LED_system_i/ps7_0_axi_periph/s00_couplers/auto_pc/inst/gen_axilite.gen_b2s_conv.axilite_b2s/WR.b_channel_0/mhandshake_r                                         | zynq_LED_system_i/ps7_0_axi_periph/s00_couplers/auto_pc/inst/gen_axilite.gen_b2s_conv.axilite_b2s/WR.b_channel_0/bid_fifo_0/SR[0]               |                3 |              8 |
|  zynq_LED_system_i/processing_system7_0/inst/FCLK_CLK0 | zynq_LED_system_i/axi_gpio_1/U0/AXI_LITE_IPIF_I/I_SLAVE_ATTACHMENT/I_DECODER/E[0]                                                                                     | zynq_LED_system_i/axi_gpio_1/U0/AXI_LITE_IPIF_I/I_SLAVE_ATTACHMENT/SR                                                                           |                1 |              8 |
|  zynq_LED_system_i/processing_system7_0/inst/FCLK_CLK0 |                                                                                                                                                                       | zynq_LED_system_i/ps7_0_axi_periph/xbar/inst/gen_sasd.crossbar_sasd_0/addr_arbiter_inst/SR[0]                                                   |                4 |             11 |
|  zynq_LED_system_i/processing_system7_0/inst/FCLK_CLK0 | zynq_LED_system_i/ps7_0_axi_periph/s00_couplers/auto_pc/inst/gen_axilite.gen_b2s_conv.axilite_b2s/RD.ar_channel_0/ar_cmd_fsm_0/axaddr_incr_reg[0][0]                  |                                                                                                                                                 |                2 |             12 |
|  zynq_LED_system_i/processing_system7_0/inst/FCLK_CLK0 | zynq_LED_system_i/ps7_0_axi_periph/s00_couplers/auto_pc/inst/gen_axilite.gen_b2s_conv.axilite_b2s/WR.aw_channel_0/aw_cmd_fsm_0/wrap_boundary_axaddr_r_reg[0][0]       |                                                                                                                                                 |                5 |             12 |
|  zynq_LED_system_i/processing_system7_0/inst/FCLK_CLK0 | zynq_LED_system_i/ps7_0_axi_periph/s00_couplers/auto_pc/inst/gen_axilite.gen_b2s_conv.axilite_b2s/RD.ar_channel_0/ar_cmd_fsm_0/E[0]                                   |                                                                                                                                                 |                5 |             12 |
|  zynq_LED_system_i/processing_system7_0/inst/FCLK_CLK0 | zynq_LED_system_i/ps7_0_axi_periph/s00_couplers/auto_pc/inst/gen_axilite.gen_b2s_conv.axilite_b2s/WR.aw_channel_0/cmd_translator_0/incr_cmd_0/axaddr_incr[11]_i_1_n_0 |                                                                                                                                                 |                2 |             12 |
|  zynq_LED_system_i/processing_system7_0/inst/FCLK_CLK0 | zynq_LED_system_i/ps7_0_axi_periph/s00_couplers/auto_pc/inst/gen_axilite.gen_b2s_conv.axilite_b2s/RD.r_channel_0/r_push_r                                             |                                                                                                                                                 |                4 |             13 |
|  zynq_LED_system_i/processing_system7_0/inst/FCLK_CLK0 | zynq_LED_system_i/ps7_0_axi_periph/s00_couplers/auto_pc/inst/gen_axilite.gen_b2s_conv.axilite_b2s/SI_REG/b.b_pipe/skid_buffer_reg[0]_0                                |                                                                                                                                                 |                4 |             14 |
|  zynq_LED_system_i/processing_system7_0/inst/FCLK_CLK0 | zynq_LED_system_i/ps7_0_axi_periph/s00_couplers/auto_pc/inst/gen_axilite.gen_b2s_conv.axilite_b2s/SI_REG/b.b_pipe/p_1_in                                              |                                                                                                                                                 |                4 |             14 |
|  zynq_LED_system_i/processing_system7_0/inst/FCLK_CLK0 |                                                                                                                                                                       | zynq_LED_system_i/axi_gpio_0/U0/AXI_LITE_IPIF_I/I_SLAVE_ATTACHMENT/SR                                                                           |                6 |             16 |
|  zynq_LED_system_i/processing_system7_0/inst/FCLK_CLK0 | zynq_LED_system_i/ps7_0_axi_periph/s00_couplers/auto_pc/inst/gen_axilite.gen_b2s_conv.axilite_b2s/WR.aw_channel_0/aw_cmd_fsm_0/b_push                                 |                                                                                                                                                 |                3 |             16 |
|  zynq_LED_system_i/processing_system7_0/inst/FCLK_CLK0 |                                                                                                                                                                       | zynq_LED_system_i/axi_gpio_1/U0/AXI_LITE_IPIF_I/I_SLAVE_ATTACHMENT/SR                                                                           |                4 |             16 |
|  zynq_LED_system_i/processing_system7_0/inst/FCLK_CLK0 | zynq_LED_system_i/ps7_0_axi_periph/xbar/inst/gen_sasd.crossbar_sasd_0/addr_arbiter_inst/p_0_in1_in                                                                    | zynq_LED_system_i/ps7_0_axi_periph/xbar/inst/gen_sasd.crossbar_sasd_0/addr_arbiter_inst/SR[0]                                                   |                6 |             19 |
|  zynq_LED_system_i/processing_system7_0/inst/FCLK_CLK0 | zynq_LED_system_i/ps7_0_axi_periph/s00_couplers/auto_pc/inst/gen_axilite.gen_b2s_conv.axilite_b2s/RD.ar_channel_0/ar_cmd_fsm_0/axlen_cnt_reg[4][0]                    |                                                                                                                                                 |                7 |             21 |
|  zynq_LED_system_i/processing_system7_0/inst/FCLK_CLK0 | zynq_LED_system_i/ps7_0_axi_periph/s00_couplers/auto_pc/inst/gen_axilite.gen_b2s_conv.axilite_b2s/WR.aw_channel_0/aw_cmd_fsm_0/E[0]                                   |                                                                                                                                                 |                8 |             21 |
|  zynq_LED_system_i/processing_system7_0/inst/FCLK_CLK0 | zynq_LED_system_i/ps7_0_axi_periph/xbar/inst/gen_sasd.crossbar_sasd_0/reg_slice_r/aa_rready                                                                           |                                                                                                                                                 |               11 |             32 |
|  zynq_LED_system_i/processing_system7_0/inst/FCLK_CLK0 | zynq_LED_system_i/ps7_0_axi_periph/s00_couplers/auto_pc/inst/gen_axilite.gen_b2s_conv.axilite_b2s/RD.r_channel_0/rd_data_fifo_0/wr_en0                                |                                                                                                                                                 |               10 |             34 |
|  zynq_LED_system_i/processing_system7_0/inst/FCLK_CLK0 | zynq_LED_system_i/ps7_0_axi_periph/xbar/inst/gen_sasd.crossbar_sasd_0/addr_arbiter_inst/E[0]                                                                          |                                                                                                                                                 |               13 |             35 |
|  zynq_LED_system_i/processing_system7_0/inst/FCLK_CLK0 | zynq_LED_system_i/ps7_0_axi_periph/s00_couplers/auto_pc/inst/gen_axilite.gen_b2s_conv.axilite_b2s/SI_REG/r.r_pipe/p_1_in                                              |                                                                                                                                                 |               10 |             47 |
|  zynq_LED_system_i/processing_system7_0/inst/FCLK_CLK0 | zynq_LED_system_i/ps7_0_axi_periph/s00_couplers/auto_pc/inst/gen_axilite.gen_b2s_conv.axilite_b2s/SI_REG/r.r_pipe/skid_buffer_reg[0]_0                                |                                                                                                                                                 |               10 |             47 |
|  zynq_LED_system_i/processing_system7_0/inst/FCLK_CLK0 | zynq_LED_system_i/ps7_0_axi_periph/s00_couplers/auto_pc/inst/gen_axilite.gen_b2s_conv.axilite_b2s/SI_REG/aw.aw_pipe/s_axi_awready                                     |                                                                                                                                                 |               10 |             48 |
|  zynq_LED_system_i/processing_system7_0/inst/FCLK_CLK0 | zynq_LED_system_i/ps7_0_axi_periph/s00_couplers/auto_pc/inst/gen_axilite.gen_b2s_conv.axilite_b2s/WR.aw_channel_0/aw_cmd_fsm_0/m_payload_i_reg[0][0]                  |                                                                                                                                                 |               11 |             48 |
|  zynq_LED_system_i/processing_system7_0/inst/FCLK_CLK0 | zynq_LED_system_i/ps7_0_axi_periph/s00_couplers/auto_pc/inst/gen_axilite.gen_b2s_conv.axilite_b2s/RD.ar_channel_0/ar_cmd_fsm_0/m_payload_i_reg[0]_1[0]                |                                                                                                                                                 |                9 |             48 |
|  zynq_LED_system_i/processing_system7_0/inst/FCLK_CLK0 | zynq_LED_system_i/ps7_0_axi_periph/s00_couplers/auto_pc/inst/gen_axilite.gen_b2s_conv.axilite_b2s/SI_REG/ar.ar_pipe/s_axi_arready                                     |                                                                                                                                                 |               10 |             48 |
|  zynq_LED_system_i/processing_system7_0/inst/FCLK_CLK0 |                                                                                                                                                                       | zynq_LED_system_i/ps7_0_axi_periph/s00_couplers/auto_pc/inst/gen_axilite.gen_b2s_conv.axilite_b2s/areset_d1                                     |               16 |             59 |
|  zynq_LED_system_i/processing_system7_0/inst/FCLK_CLK0 |                                                                                                                                                                       |                                                                                                                                                 |               53 |            156 |
+--------------------------------------------------------+-----------------------------------------------------------------------------------------------------------------------------------------------------------------------+-------------------------------------------------------------------------------------------------------------------------------------------------+------------------+----------------+


+--------+-----------------------+
| Fanout | Number of ControlSets |
+--------+-----------------------+
| 2      |                     1 |
| 4      |                    13 |
| 5      |                     3 |
| 6      |                     1 |
| 8      |                     2 |
| 11     |                     1 |
| 12     |                     4 |
| 13     |                     1 |
| 14     |                     2 |
| 16+    |                    17 |
+--------+-----------------------+


